c:\users\jamie\documents\uni work\level i [2nd year]\assignments\pgg\pggassignment1sdl\pggassignment1sdl\debug\vc120.pdb
c:\users\jamie\documents\uni work\level i [2nd year]\assignments\pgg\pggassignment1sdl\pggassignment1sdl\debug\vc120.idb
c:\users\jamie\documents\uni work\level i [2nd year]\assignments\pgg\pggassignment1sdl\pggassignment1sdl\debug\background.obj
c:\users\jamie\documents\uni work\level i [2nd year]\assignments\pgg\pggassignment1sdl\pggassignment1sdl\debug\block.obj
c:\users\jamie\documents\uni work\level i [2nd year]\assignments\pgg\pggassignment1sdl\pggassignment1sdl\debug\maploader.obj
c:\users\jamie\documents\uni work\level i [2nd year]\assignments\pgg\pggassignment1sdl\pggassignment1sdl\debug\mapobject.obj
c:\users\jamie\documents\uni work\level i [2nd year]\assignments\pgg\pggassignment1sdl\pggassignment1sdl\debug\entity.obj
c:\users\jamie\documents\uni work\level i [2nd year]\assignments\pgg\pggassignment1sdl\pggassignment1sdl\debug\gamestate.obj
c:\users\jamie\documents\uni work\level i [2nd year]\assignments\pgg\pggassignment1sdl\pggassignment1sdl\debug\gem.obj
c:\users\jamie\documents\uni work\level i [2nd year]\assignments\pgg\pggassignment1sdl\pggassignment1sdl\debug\main.obj
c:\users\jamie\documents\uni work\level i [2nd year]\assignments\pgg\pggassignment1sdl\pggassignment1sdl\debug\creature.obj
c:\users\jamie\documents\uni work\level i [2nd year]\assignments\pgg\pggassignment1sdl\pggassignment1sdl\debug\menustate.obj
c:\users\jamie\documents\uni work\level i [2nd year]\assignments\pgg\pggassignment1sdl\pggassignment1sdl\debug\player.obj
c:\users\jamie\documents\uni work\level i [2nd year]\assignments\pgg\pggassignment1sdl\pggassignment1sdl\debug\state.obj
c:\users\jamie\documents\uni work\level i [2nd year]\assignments\pgg\pggassignment1sdl\pggassignment1sdl\debug\statemanager.obj
c:\users\jamie\documents\uni work\level i [2nd year]\assignments\pgg\pggassignment1sdl\pggassignment1sdl\debug\texture.obj
c:\users\jamie\documents\uni work\level i [2nd year]\assignments\pgg\pggassignment1sdl\pggassignment1sdl\debug\enemy.obj
c:\users\jamie\documents\uni work\level i [2nd year]\assignments\pgg\pggassignment1sdl\pggassignment1sdl\debug\collision.obj
c:\users\jamie\documents\uni work\level i [2nd year]\assignments\pgg\pggassignment1sdl\debug\pggassignment1sdl.ilk
c:\users\jamie\documents\uni work\level i [2nd year]\assignments\pgg\pggassignment1sdl\debug\pggassignment1sdl.exe
c:\users\jamie\documents\uni work\level i [2nd year]\assignments\pgg\pggassignment1sdl\debug\pggassignment1sdl.pdb
c:\users\jamie\documents\uni work\level i [2nd year]\assignments\pgg\pggassignment1sdl\pggassignment1sdl\debug\pggassig.dd417e7c.tlog\cl.command.1.tlog
c:\users\jamie\documents\uni work\level i [2nd year]\assignments\pgg\pggassignment1sdl\pggassignment1sdl\debug\pggassig.dd417e7c.tlog\cl.read.1.tlog
c:\users\jamie\documents\uni work\level i [2nd year]\assignments\pgg\pggassignment1sdl\pggassignment1sdl\debug\pggassig.dd417e7c.tlog\cl.write.1.tlog
c:\users\jamie\documents\uni work\level i [2nd year]\assignments\pgg\pggassignment1sdl\pggassignment1sdl\debug\pggassig.dd417e7c.tlog\link.command.1.tlog
c:\users\jamie\documents\uni work\level i [2nd year]\assignments\pgg\pggassignment1sdl\pggassignment1sdl\debug\pggassig.dd417e7c.tlog\link.read.1.tlog
c:\users\jamie\documents\uni work\level i [2nd year]\assignments\pgg\pggassignment1sdl\pggassignment1sdl\debug\pggassig.dd417e7c.tlog\link.write.1.tlog
