Build started 15/01/2015 17:09:14.
     1>Project "C:\Users\Jamie\Documents\Uni Work\Level I [2nd Year]\Assignments\PGG\PGGAssignment1SDL\PGGAssignment1SDL\PGGAssignment1SDL.vcxproj" on node 2 (Build target(s)).
     1>ClCompile:
         C:\Program Files (x86)\Microsoft Visual Studio 12.0\VC\bin\CL.exe /c /I"C:\Users\Jamie\Documents\Uni Work\Level I [2nd Year]\Assignments\PGG\PGGAssignment1SDL\PGGAssignment1SDL\SDL Mixer\Development\SDL2_mixer-devel-2.0.0-VC\SDL2_mixer-2.0.0\include" /I"C:\SDKs\SDL\SDL2-devel-2.0.3-VC\SDL2-2.0.3\include" /ZI /nologo /W4 /WX- /sdl /Od /Oy- /D WIN32 /D _DEBUG /D _CONSOLE /D _LIB /D _UNICODE /D UNICODE /Gm /EHsc /RTC1 /MDd /GS /fp:precise /Zc:wchar_t /Zc:forScope /Fo"Debug\\" /Fd"Debug\vc120.pdb" /Gd /TP /analyze- /errorReport:prompt gameState.cpp menuState.cpp winLoseState.cpp
         winLoseState.cpp
     1>c:\users\jamie\documents\uni work\level i [2nd year]\assignments\pgg\pggassignment1sdl\pggassignment1sdl\winlosestate.cpp(101): warning C4100: 'deltaTime' : unreferenced formal parameter
         menuState.cpp
     1>c:\users\jamie\documents\uni work\level i [2nd year]\assignments\pgg\pggassignment1sdl\pggassignment1sdl\menustate.cpp(136): warning C4100: 'deltaTime' : unreferenced formal parameter
         gameState.cpp
         Generating Code...
       Link:
         C:\Program Files (x86)\Microsoft Visual Studio 12.0\VC\bin\link.exe /ERRORREPORT:PROMPT /OUT:"C:\Users\Jamie\Documents\Uni Work\Level I [2nd Year]\Assignments\PGG\PGGAssignment1SDL\Debug\PGGAssignment1SDL.exe" /INCREMENTAL /NOLOGO /LIBPATH:"C:\SDKs\SDL\SDL2-devel-2.0.3-VC\SDL2-2.0.3\lib\x86" /LIBPATH:"C:\Users\Jamie\Documents\Uni Work\Level I [2nd Year]\Assignments\PGG\PGGAssignment1SDL\PGGAssignment1SDL\SDL Mixer\Development\SDL2_mixer-devel-2.0.0-VC\SDL2_mixer-2.0.0\lib\x86" SDL2.lib SDL2main.lib SDL2_mixer.lib kernel32.lib user32.lib gdi32.lib winspool.lib comdlg32.lib advapi32.lib shell32.lib ole32.lib oleaut32.lib uuid.lib odbc32.lib odbccp32.lib /MANIFEST /MANIFESTUAC:"level='asInvoker' uiAccess='false'" /manifest:embed /DEBUG /PDB:"C:\Users\Jamie\Documents\Uni Work\Level I [2nd Year]\Assignments\PGG\PGGAssignment1SDL\Debug\PGGAssignment1SDL.pdb" /SUBSYSTEM:CONSOLE /TLBID:1 /DYNAMICBASE /NXCOMPAT /IMPLIB:"C:\Users\Jamie\Documents\Uni Work\Level I [2nd Year]\Assignments\PGG\PGGAssignment1SDL\Debug\PGGAssignment1SDL.lib" /MACHINE:X86 Debug\animation.obj
         Debug\background.obj
         Debug\block.obj
         Debug\collision.obj
         Debug\creditsState.obj
         Debug\helpState.obj
         Debug\mapLoader.obj
         Debug\mapObject.obj
         Debug\entity.obj
         Debug\gameState.obj
         Debug\gem.obj
         Debug\main.obj
         Debug\creature.obj
         Debug\menuState.obj
         Debug\player.obj
         Debug\audio.obj
         Debug\state.obj
         Debug\stateManager.obj
         Debug\texture.obj
         Debug\enemy.obj
         Debug\winLoseState.obj
         PGGAssignment1SDL.vcxproj -> C:\Users\Jamie\Documents\Uni Work\Level I [2nd Year]\Assignments\PGG\PGGAssignment1SDL\Debug\PGGAssignment1SDL.exe
     1>Done Building Project "C:\Users\Jamie\Documents\Uni Work\Level I [2nd Year]\Assignments\PGG\PGGAssignment1SDL\PGGAssignment1SDL\PGGAssignment1SDL.vcxproj" (Build target(s)).

Build succeeded.

Time Elapsed 00:00:05.95
