Build started 04/01/2015 04:10:21.
     1>Project "C:\Users\Jamie\Documents\Uni Work\Level I [2nd Year]\Assignments\PGG\PGGAssignment1SDL\PGGAssignment1SDL\PGGAssignment1SDL.vcxproj" on node 2 (Build target(s)).
     1>ClCompile:
         C:\Program Files (x86)\Microsoft Visual Studio 12.0\VC\bin\CL.exe /c /I"C:\Users\Jamie\Documents\Uni Work\Level I [2nd Year]\Assignments\PGG\PGGAssignment1SDL\PGGAssignment1SDL\SDL Mixer\Development\SDL2_mixer-devel-2.0.0-VC\SDL2_mixer-2.0.0\include" /I"C:\SDKs\SDL\SDL2-devel-2.0.3-VC\SDL2-2.0.3\include" /Zi /nologo /W3 /WX- /sdl /O2 /Oi /Oy- /GL /D WIN32 /D NDEBUG /D _CONSOLE /D _LIB /D _UNICODE /D UNICODE /Gm- /EHsc /MD /GS /Gy /fp:precise /Zc:wchar_t /Zc:forScope /Fo"Release\\" /Fd"Release\vc120.pdb" /Gd /TP /analyze- /errorReport:prompt animation.cpp background.cpp block.cpp collision.cpp creditsState.cpp helpState.cpp mapLoader.cpp mapObject.cpp entity.cpp gameState.cpp gem.cpp main.cpp creature.cpp menuState.cpp player.cpp audio.cpp state.cpp stateManager.cpp texture.cpp enemy.cpp winLoseState.cpp
         animation.cpp
         background.cpp
         block.cpp
         collision.cpp
     1>collision.cpp(104): warning C4018: '<' : signed/unsigned mismatch
     1>collision.cpp(177): warning C4018: '<' : signed/unsigned mismatch
     1>collision.cpp(250): warning C4018: '<' : signed/unsigned mismatch
     1>collision.cpp(361): warning C4244: '=' : conversion from 'float' to 'int', possible loss of data
     1>collision.cpp(362): warning C4244: '=' : conversion from 'float' to 'int', possible loss of data
     1>collision.cpp(367): warning C4244: '=' : conversion from 'float' to 'int', possible loss of data
     1>collision.cpp(368): warning C4244: '=' : conversion from 'float' to 'int', possible loss of data
     1>collision.cpp(467): warning C4018: '<' : signed/unsigned mismatch
     1>collision.cpp(527): warning C4018: '<' : signed/unsigned mismatch
         creditsState.cpp
         helpState.cpp
         mapLoader.cpp
     1>mapLoader.cpp(62): warning C4018: '<' : signed/unsigned mismatch
     1>mapLoader.cpp(70): warning C4018: '<' : signed/unsigned mismatch
         mapObject.cpp
     1>mapObject.cpp(19): warning C4244: '=' : conversion from 'float' to 'int', possible loss of data
         entity.cpp
         gameState.cpp
         gem.cpp
         main.cpp
         creature.cpp
         menuState.cpp
         player.cpp
         audio.cpp
     1>audio.cpp(50): warning C4150: deletion of pointer to incomplete type '_Mix_Music'; no destructor called
                 C:\Users\Jamie\Documents\Uni Work\Level I [2nd Year]\Assignments\PGG\PGGAssignment1SDL\PGGAssignment1SDL\SDL Mixer\Development\SDL2_mixer-devel-2.0.0-VC\SDL2_mixer-2.0.0\include\SDL_mixer.h(131) : see declaration of '_Mix_Music'
         state.cpp
         stateManager.cpp
     1>stateManager.cpp(18): warning C4018: '<' : signed/unsigned mismatch
     1>stateManager.cpp(39): warning C4018: '<' : signed/unsigned mismatch
         texture.cpp
         enemy.cpp
         Compiling...
         winLoseState.cpp
       Link:
         C:\Program Files (x86)\Microsoft Visual Studio 12.0\VC\bin\link.exe /ERRORREPORT:PROMPT /OUT:"C:\Users\Jamie\Documents\Uni Work\Level I [2nd Year]\Assignments\PGG\PGGAssignment1SDL\Release\PGGAssignment1SDL.exe" /INCREMENTAL:NO /NOLOGO /LIBPATH:"C:\Users\Jamie\Documents\Uni Work\Level I [2nd Year]\Assignments\PGG\PGGAssignment1SDL\PGGAssignment1SDL\SDL Mixer\Development\SDL2_mixer-devel-2.0.0-VC\SDL2_mixer-2.0.0\lib\x86" /LIBPATH:"C:\SDKs\SDL\SDL2-devel-2.0.3-VC\SDL2-2.0.3\lib\x86" SDL2.lib SDL2main.lib SDL2_mixer.lib kernel32.lib user32.lib gdi32.lib winspool.lib comdlg32.lib advapi32.lib shell32.lib ole32.lib oleaut32.lib uuid.lib odbc32.lib odbccp32.lib /MANIFEST /MANIFESTUAC:"level='asInvoker' uiAccess='false'" /manifest:embed /DEBUG /PDB:"C:\Users\Jamie\Documents\Uni Work\Level I [2nd Year]\Assignments\PGG\PGGAssignment1SDL\Release\PGGAssignment1SDL.pdb" /SUBSYSTEM:CONSOLE /OPT:REF /OPT:ICF /LTCG /TLBID:1 /DYNAMICBASE /NXCOMPAT /IMPLIB:"C:\Users\Jamie\Documents\Uni Work\Level I [2nd Year]\Assignments\PGG\PGGAssignment1SDL\Release\PGGAssignment1SDL.lib" /MACHINE:X86 /SAFESEH Release\animation.obj
         Release\background.obj
         Release\block.obj
         Release\collision.obj
         Release\creditsState.obj
         Release\helpState.obj
         Release\mapLoader.obj
         Release\mapObject.obj
         Release\entity.obj
         Release\gameState.obj
         Release\gem.obj
         Release\main.obj
         Release\creature.obj
         Release\menuState.obj
         Release\player.obj
         Release\audio.obj
         Release\state.obj
         Release\stateManager.obj
         Release\texture.obj
         Release\enemy.obj
         Release\winLoseState.obj
         Generating code
         Finished generating code
         PGGAssignment1SDL.vcxproj -> C:\Users\Jamie\Documents\Uni Work\Level I [2nd Year]\Assignments\PGG\PGGAssignment1SDL\Release\PGGAssignment1SDL.exe
     1>Done Building Project "C:\Users\Jamie\Documents\Uni Work\Level I [2nd Year]\Assignments\PGG\PGGAssignment1SDL\PGGAssignment1SDL\PGGAssignment1SDL.vcxproj" (Build target(s)).

Build succeeded.

Time Elapsed 00:00:16.48
