c:\users\jamie\documents\uni work\level i [2nd year]\assignments\pgg\pggassignment1sdl\pggassignment1sdl\release\vc120.pdb
c:\users\jamie\documents\uni work\level i [2nd year]\assignments\pgg\pggassignment1sdl\pggassignment1sdl\release\enemy.obj
c:\users\jamie\documents\uni work\level i [2nd year]\assignments\pgg\pggassignment1sdl\pggassignment1sdl\release\texture.obj
c:\users\jamie\documents\uni work\level i [2nd year]\assignments\pgg\pggassignment1sdl\pggassignment1sdl\release\statemanager.obj
c:\users\jamie\documents\uni work\level i [2nd year]\assignments\pgg\pggassignment1sdl\pggassignment1sdl\release\state.obj
c:\users\jamie\documents\uni work\level i [2nd year]\assignments\pgg\pggassignment1sdl\pggassignment1sdl\release\audio.obj
c:\users\jamie\documents\uni work\level i [2nd year]\assignments\pgg\pggassignment1sdl\pggassignment1sdl\release\player.obj
c:\users\jamie\documents\uni work\level i [2nd year]\assignments\pgg\pggassignment1sdl\pggassignment1sdl\release\menustate.obj
c:\users\jamie\documents\uni work\level i [2nd year]\assignments\pgg\pggassignment1sdl\pggassignment1sdl\release\creature.obj
c:\users\jamie\documents\uni work\level i [2nd year]\assignments\pgg\pggassignment1sdl\pggassignment1sdl\release\main.obj
c:\users\jamie\documents\uni work\level i [2nd year]\assignments\pgg\pggassignment1sdl\pggassignment1sdl\release\gem.obj
c:\users\jamie\documents\uni work\level i [2nd year]\assignments\pgg\pggassignment1sdl\pggassignment1sdl\release\gamestate.obj
c:\users\jamie\documents\uni work\level i [2nd year]\assignments\pgg\pggassignment1sdl\pggassignment1sdl\release\entity.obj
c:\users\jamie\documents\uni work\level i [2nd year]\assignments\pgg\pggassignment1sdl\pggassignment1sdl\release\mapobject.obj
c:\users\jamie\documents\uni work\level i [2nd year]\assignments\pgg\pggassignment1sdl\pggassignment1sdl\release\maploader.obj
c:\users\jamie\documents\uni work\level i [2nd year]\assignments\pgg\pggassignment1sdl\pggassignment1sdl\release\helpstate.obj
c:\users\jamie\documents\uni work\level i [2nd year]\assignments\pgg\pggassignment1sdl\pggassignment1sdl\release\creditsstate.obj
c:\users\jamie\documents\uni work\level i [2nd year]\assignments\pgg\pggassignment1sdl\pggassignment1sdl\release\collision.obj
c:\users\jamie\documents\uni work\level i [2nd year]\assignments\pgg\pggassignment1sdl\pggassignment1sdl\release\block.obj
c:\users\jamie\documents\uni work\level i [2nd year]\assignments\pgg\pggassignment1sdl\pggassignment1sdl\release\background.obj
c:\users\jamie\documents\uni work\level i [2nd year]\assignments\pgg\pggassignment1sdl\pggassignment1sdl\release\animation.obj
c:\users\jamie\documents\uni work\level i [2nd year]\assignments\pgg\pggassignment1sdl\pggassignment1sdl\release\winlosestate.obj
c:\users\jamie\documents\uni work\level i [2nd year]\assignments\pgg\pggassignment1sdl\release\pggassignment1sdl.exe
c:\users\jamie\documents\uni work\level i [2nd year]\assignments\pgg\pggassignment1sdl\release\pggassignment1sdl.pdb
c:\users\jamie\documents\uni work\level i [2nd year]\assignments\pgg\pggassignment1sdl\pggassignment1sdl\release\pggassig.dd417e7c.tlog\cl.command.1.tlog
c:\users\jamie\documents\uni work\level i [2nd year]\assignments\pgg\pggassignment1sdl\pggassignment1sdl\release\pggassig.dd417e7c.tlog\cl.read.1.tlog
c:\users\jamie\documents\uni work\level i [2nd year]\assignments\pgg\pggassignment1sdl\pggassignment1sdl\release\pggassig.dd417e7c.tlog\cl.write.1.tlog
c:\users\jamie\documents\uni work\level i [2nd year]\assignments\pgg\pggassignment1sdl\pggassignment1sdl\release\pggassig.dd417e7c.tlog\link.command.1.tlog
c:\users\jamie\documents\uni work\level i [2nd year]\assignments\pgg\pggassignment1sdl\pggassignment1sdl\release\pggassig.dd417e7c.tlog\link.read.1.tlog
c:\users\jamie\documents\uni work\level i [2nd year]\assignments\pgg\pggassignment1sdl\pggassignment1sdl\release\pggassig.dd417e7c.tlog\link.write.1.tlog
